<?xml version="1.0" encoding="UTF-8"?>
<coverage generated="1631549417333" clover="3.2.0">
  <project timestamp="1631549417333" name="All files">
    <metrics statements="21" coveredstatements="9" conditionals="3" coveredconditionals="1" methods="4" coveredmethods="3" elements="28" coveredelements="13" complexity="0" loc="21" ncloc="21" packages="1" files="1" classes="1"/>
    <file name="index.ts" path="/Users/ryanpage/git/nfl-fantasy/src/index.ts">
      <metrics statements="21" coveredstatements="9" conditionals="3" coveredconditionals="1" methods="4" coveredmethods="3"/>
      <line num="1" count="1" type="stmt"/>
      <line num="2" count="1" type="stmt"/>
      <line num="5" count="1" type="stmt"/>
      <line num="12" count="1" type="stmt"/>
      <line num="16" count="2" type="stmt"/>
      <line num="22" count="1" type="stmt"/>
      <line num="23" count="2" type="cond" truecount="1" falsecount="0"/>
      <line num="24" count="0" type="stmt"/>
      <line num="28" count="0" type="stmt"/>
      <line num="29" count="0" type="stmt"/>
      <line num="30" count="0" type="stmt"/>
      <line num="31" count="0" type="stmt"/>
      <line num="32" count="0" type="stmt"/>
      <line num="33" count="0" type="stmt"/>
      <line num="36" count="0" type="stmt"/>
      <line num="119" count="1" type="stmt"/>
      <line num="120" count="0" type="stmt"/>
      <line num="121" count="0" type="cond" truecount="0" falsecount="2"/>
      <line num="122" count="0" type="stmt"/>
      <line num="124" count="0" type="stmt"/>
      <line num="126" count="1" type="stmt"/>
    </file>
  </project>
</coverage>
