{"/Users/ryanpage/git/nfl-fantasy/src/index.ts": {"path":"/Users/ryanpage/git/nfl-fantasy/src/index.ts","statementMap":{"0":{"start":{"line":1,"column":0},"end":{"line":1,"column":26}},"1":{"start":{"line":2,"column":0},"end":{"line":2,"column":75}},"2":{"start":{"line":5,"column":10},"end":{"line":10,"column":2}},"3":{"start":{"line":12,"column":0},"end":{"line":12,"column":null}},"4":{"start":{"line":16,"column":8},"end":{"line":16,"column":33}},"5":{"start":{"line":22,"column":10},"end":{"line":117,"column":null}},"6":{"start":{"line":23,"column":25},"end":{"line":23,"column":null}},"7":{"start":{"line":23,"column":16},"end":{"line":23,"column":25}},"8":{"start":{"line":24,"column":14},"end":{"line":26,"column":17}},"9":{"start":{"line":28,"column":14},"end":{"line":28,"column":31}},"10":{"start":{"line":29,"column":8},"end":{"line":34,"column":null}},"11":{"start":{"line":29,"column":19},"end":{"line":29,"column":31}},"12":{"start":{"line":30,"column":18},"end":{"line":30,"column":39}},"13":{"start":{"line":31,"column":18},"end":{"line":31,"column":58}},"14":{"start":{"line":32,"column":18},"end":{"line":32,"column":51}},"15":{"start":{"line":33,"column":12},"end":{"line":33,"column":41}},"16":{"start":{"line":36,"column":8},"end":{"line":116,"column":null}},"17":{"start":{"line":119,"column":4},"end":{"line":125,"column":null}},"18":{"start":{"line":120,"column":20},"end":{"line":120,"column":31}},"19":{"start":{"line":121,"column":8},"end":{"line":123,"column":null}},"20":{"start":{"line":122,"column":12},"end":{"line":122,"column":110}},"21":{"start":{"line":124,"column":8},"end":{"line":124,"column":19}},"22":{"start":{"line":126,"column":0},"end":{"line":126,"column":null}}},"fnMap":{"0":{"name":"(anonymous_22)","decl":{"start":{"line":12,"column":0},"end":{"line":12,"column":null}},"loc":{"start":{"line":12,"column":0},"end":{"line":126,"column":null}}},"1":{"name":"NFLFantasy","decl":{"start":{"line":15,"column":4},"end":{"line":15,"column":16}},"loc":{"start":{"line":15,"column":32},"end":{"line":17,"column":5}}},"2":{"name":"(anonymous_24)","decl":{"start":{"line":22,"column":4},"end":{"line":22,"column":10}},"loc":{"start":{"line":22,"column":4},"end":{"line":117,"column":null}}},"3":{"name":"(anonymous_27)","decl":{"start":{"line":119,"column":4},"end":{"line":119,"column":18}},"loc":{"start":{"line":119,"column":43},"end":{"line":125,"column":5}}}},"branchMap":{"0":{"loc":{"start":{"line":23,"column":25},"end":{"line":23,"column":null}},"type":"switch","locations":[{"start":{"line":23,"column":25},"end":{"line":23,"column":null}}]},"1":{"loc":{"start":{"line":121,"column":8},"end":{"line":123,"column":null}},"type":"if","locations":[{"start":{"line":121,"column":8},"end":{"line":123,"column":null}},{"start":{"line":121,"column":8},"end":{"line":123,"column":null}}]}},"s":{"0":1,"1":1,"2":1,"3":1,"4":2,"5":1,"6":2,"7":0,"8":0,"9":0,"10":0,"11":0,"12":0,"13":0,"14":0,"15":0,"16":0,"17":1,"18":0,"19":0,"20":0,"21":0,"22":1},"f":{"0":1,"1":2,"2":2,"3":0},"b":{"0":[2],"1":[0,0]}}
}
